[0.755s] DEBUG:colcon:Command line arguments: ['/usr/bin/colcon', 'build', '--packages-select', 'yolov5_inference_node']
[0.755s] DEBUG:colcon:Parsed command line arguments: Namespace(log_base=None, log_level=None, verb_name='build', build_base='build', install_base='install', merge_install=False, symlink_install=False, test_result_base=None, continue_on_error=False, executor='parallel', parallel_workers=8, event_handlers=None, ignore_user_meta=False, metas=['./colcon.meta'], base_paths=['.'], packages_ignore=None, packages_ignore_regex=None, paths=None, packages_up_to=None, packages_up_to_regex=None, packages_above=None, packages_above_and_dependencies=None, packages_above_depth=None, packages_select_by_dep=None, packages_skip_by_dep=None, packages_skip_up_to=None, packages_select_build_failed=False, packages_skip_build_finished=False, packages_select_test_failures=False, packages_skip_test_passed=False, packages_select=['yolov5_inference_node'], packages_skip=None, packages_select_regex=None, packages_skip_regex=None, packages_start=None, packages_end=None, allow_overriding=[], cmake_args=None, cmake_target=None, cmake_target_skip_unavailable=False, cmake_clean_cache=False, cmake_clean_first=False, cmake_force_configure=False, ament_cmake_args=None, catkin_cmake_args=None, catkin_skip_building_tests=False, verb_parser=<colcon_defaults.argument_parser.defaults.DefaultArgumentsDecorator object at 0xffff914e4970>, verb_extension=<colcon_core.verb.build.BuildVerb object at 0xffff914e44f0>, main=<bound method BuildVerb.main of <colcon_core.verb.build.BuildVerb object at 0xffff914e44f0>>)
[1.035s] Level 1:colcon.colcon_core.package_discovery:discover_packages(colcon_meta) check parameters
[1.036s] Level 1:colcon.colcon_core.package_discovery:discover_packages(recursive) check parameters
[1.036s] Level 1:colcon.colcon_core.package_discovery:discover_packages(ignore) check parameters
[1.036s] Level 1:colcon.colcon_core.package_discovery:discover_packages(path) check parameters
[1.036s] Level 1:colcon.colcon_core.package_discovery:discover_packages(colcon_meta) discover
[1.037s] Level 1:colcon.colcon_core.package_discovery:discover_packages(recursive) discover
[1.037s] INFO:colcon.colcon_core.package_discovery:Crawling recursively for packages in '/home/sunrise/ros2_ws_10_YOLO26_weed'
[1.038s] Level 1:colcon.colcon_core.package_identification:_identify(.) by extensions ['ignore', 'ignore_ament_install']
[1.038s] Level 1:colcon.colcon_core.package_identification:_identify(.) by extension 'ignore'
[1.039s] Level 1:colcon.colcon_core.package_identification:_identify(.) by extension 'ignore_ament_install'
[1.039s] Level 1:colcon.colcon_core.package_identification:_identify(.) by extensions ['colcon_pkg']
[1.039s] Level 1:colcon.colcon_core.package_identification:_identify(.) by extension 'colcon_pkg'
[1.039s] Level 1:colcon.colcon_core.package_identification:_identify(.) by extensions ['colcon_meta']
[1.040s] Level 1:colcon.colcon_core.package_identification:_identify(.) by extension 'colcon_meta'
[1.040s] Level 1:colcon.colcon_core.package_identification:_identify(.) by extensions ['ros']
[1.040s] Level 1:colcon.colcon_core.package_identification:_identify(.) by extension 'ros'
[1.146s] Level 1:colcon.colcon_core.package_identification:_identify(.) by extensions ['cmake', 'python']
[1.146s] Level 1:colcon.colcon_core.package_identification:_identify(.) by extension 'cmake'
[1.147s] Level 1:colcon.colcon_core.package_identification:_identify(.) by extension 'python'
[1.147s] Level 1:colcon.colcon_core.package_identification:_identify(.) by extensions ['python_setup_py']
[1.147s] Level 1:colcon.colcon_core.package_identification:_identify(.) by extension 'python_setup_py'
[1.148s] Level 1:colcon.colcon_core.package_identification:_identify(build) by extensions ['ignore', 'ignore_ament_install']
[1.148s] Level 1:colcon.colcon_core.package_identification:_identify(build) by extension 'ignore'
[1.149s] Level 1:colcon.colcon_core.package_identification:_identify(build) ignored
[1.149s] Level 1:colcon.colcon_core.package_identification:_identify(install) by extensions ['ignore', 'ignore_ament_install']
[1.150s] Level 1:colcon.colcon_core.package_identification:_identify(install) by extension 'ignore'
[1.150s] Level 1:colcon.colcon_core.package_identification:_identify(install) ignored
[1.151s] Level 1:colcon.colcon_core.package_identification:_identify(log) by extensions ['ignore', 'ignore_ament_install']
[1.151s] Level 1:colcon.colcon_core.package_identification:_identify(log) by extension 'ignore'
[1.151s] Level 1:colcon.colcon_core.package_identification:_identify(log) ignored
[1.152s] Level 1:colcon.colcon_core.package_identification:_identify(src) by extensions ['ignore', 'ignore_ament_install']
[1.152s] Level 1:colcon.colcon_core.package_identification:_identify(src) by extension 'ignore'
[1.152s] Level 1:colcon.colcon_core.package_identification:_identify(src) by extension 'ignore_ament_install'
[1.153s] Level 1:colcon.colcon_core.package_identification:_identify(src) by extensions ['colcon_pkg']
[1.153s] Level 1:colcon.colcon_core.package_identification:_identify(src) by extension 'colcon_pkg'
[1.154s] Level 1:colcon.colcon_core.package_identification:_identify(src) by extensions ['colcon_meta']
[1.154s] Level 1:colcon.colcon_core.package_identification:_identify(src) by extension 'colcon_meta'
[1.154s] Level 1:colcon.colcon_core.package_identification:_identify(src) by extensions ['ros']
[1.155s] Level 1:colcon.colcon_core.package_identification:_identify(src) by extension 'ros'
[1.155s] Level 1:colcon.colcon_core.package_identification:_identify(src) by extensions ['cmake', 'python']
[1.156s] Level 1:colcon.colcon_core.package_identification:_identify(src) by extension 'cmake'
[1.156s] Level 1:colcon.colcon_core.package_identification:_identify(src) by extension 'python'
[1.156s] Level 1:colcon.colcon_core.package_identification:_identify(src) by extensions ['python_setup_py']
[1.156s] Level 1:colcon.colcon_core.package_identification:_identify(src) by extension 'python_setup_py'
[1.157s] Level 1:colcon.colcon_core.package_identification:_identify(src/yolov5_inference_node) by extensions ['ignore', 'ignore_ament_install']
[1.157s] Level 1:colcon.colcon_core.package_identification:_identify(src/yolov5_inference_node) by extension 'ignore'
[1.158s] Level 1:colcon.colcon_core.package_identification:_identify(src/yolov5_inference_node) by extension 'ignore_ament_install'
[1.158s] Level 1:colcon.colcon_core.package_identification:_identify(src/yolov5_inference_node) by extensions ['colcon_pkg']
[1.158s] Level 1:colcon.colcon_core.package_identification:_identify(src/yolov5_inference_node) by extension 'colcon_pkg'
[1.158s] Level 1:colcon.colcon_core.package_identification:_identify(src/yolov5_inference_node) by extensions ['colcon_meta']
[1.159s] Level 1:colcon.colcon_core.package_identification:_identify(src/yolov5_inference_node) by extension 'colcon_meta'
[1.159s] Level 1:colcon.colcon_core.package_identification:_identify(src/yolov5_inference_node) by extensions ['ros']
[1.159s] Level 1:colcon.colcon_core.package_identification:_identify(src/yolov5_inference_node) by extension 'ros'
[1.177s] DEBUG:colcon.colcon_core.package_identification:Package 'src/yolov5_inference_node' with type 'ros.ament_cmake' and name 'yolov5_inference_node'
[1.178s] Level 1:colcon.colcon_core.package_discovery:discover_packages(recursive) using defaults
[1.178s] Level 1:colcon.colcon_core.package_discovery:discover_packages(ignore) discover
[1.178s] Level 1:colcon.colcon_core.package_discovery:discover_packages(ignore) using defaults
[1.178s] Level 1:colcon.colcon_core.package_discovery:discover_packages(path) discover
[1.178s] Level 1:colcon.colcon_core.package_discovery:discover_packages(path) using defaults
[1.311s] Level 1:colcon.colcon_core.package_discovery:discover_packages(prefix_path) check parameters
[1.312s] Level 1:colcon.colcon_core.package_discovery:discover_packages(prefix_path) discover
[1.328s] DEBUG:colcon.colcon_installed_package_information.package_discovery:Found 276 installed packages in /opt/ros/humble
[1.341s] Level 1:colcon.colcon_core.package_discovery:discover_packages(prefix_path) using defaults
[1.642s] Level 5:colcon.colcon_core.verb:set package 'yolov5_inference_node' build argument 'cmake_args' from command line to 'None'
[1.642s] Level 5:colcon.colcon_core.verb:set package 'yolov5_inference_node' build argument 'cmake_target' from command line to 'None'
[1.643s] Level 5:colcon.colcon_core.verb:set package 'yolov5_inference_node' build argument 'cmake_target_skip_unavailable' from command line to 'False'
[1.643s] Level 5:colcon.colcon_core.verb:set package 'yolov5_inference_node' build argument 'cmake_clean_cache' from command line to 'False'
[1.643s] Level 5:colcon.colcon_core.verb:set package 'yolov5_inference_node' build argument 'cmake_clean_first' from command line to 'False'
[1.643s] Level 5:colcon.colcon_core.verb:set package 'yolov5_inference_node' build argument 'cmake_force_configure' from command line to 'False'
[1.644s] Level 5:colcon.colcon_core.verb:set package 'yolov5_inference_node' build argument 'ament_cmake_args' from command line to 'None'
[1.644s] Level 5:colcon.colcon_core.verb:set package 'yolov5_inference_node' build argument 'catkin_cmake_args' from command line to 'None'
[1.644s] Level 5:colcon.colcon_core.verb:set package 'yolov5_inference_node' build argument 'catkin_skip_building_tests' from command line to 'False'
[1.644s] DEBUG:colcon.colcon_core.verb:Building package 'yolov5_inference_node' with the following arguments: {'ament_cmake_args': None, 'build_base': '/home/sunrise/ros2_ws_10_YOLO26_weed/build/yolov5_inference_node', 'catkin_cmake_args': None, 'catkin_skip_building_tests': False, 'cmake_args': None, 'cmake_clean_cache': False, 'cmake_clean_first': False, 'cmake_force_configure': False, 'cmake_target': None, 'cmake_target_skip_unavailable': False, 'install_base': '/home/sunrise/ros2_ws_10_YOLO26_weed/install/yolov5_inference_node', 'merge_install': False, 'path': '/home/sunrise/ros2_ws_10_YOLO26_weed/src/yolov5_inference_node', 'symlink_install': False, 'test_result_base': None}
[1.645s] INFO:colcon.colcon_core.executor:Executing jobs using 'parallel' executor
[1.651s] DEBUG:colcon.colcon_parallel_executor.executor.parallel:run_until_complete
[1.652s] INFO:colcon.colcon_ros.task.ament_cmake.build:Building ROS package in '/home/sunrise/ros2_ws_10_YOLO26_weed/src/yolov5_inference_node' with build type 'ament_cmake'
[1.653s] INFO:colcon.colcon_cmake.task.cmake.build:Building CMake package in '/home/sunrise/ros2_ws_10_YOLO26_weed/src/yolov5_inference_node'
[1.667s] INFO:colcon.colcon_core.plugin_system:Skipping extension 'colcon_core.shell.bat': Not used on non-Windows systems
[1.668s] INFO:colcon.colcon_core.shell:Skip shell extension 'powershell' for command environment: Not usable outside of PowerShell
[1.668s] DEBUG:colcon.colcon_core.shell:Skip shell extension 'dsv' for command environment
[1.709s] DEBUG:colcon.colcon_core.event_handler.log_command:Invoking command in '/home/sunrise/ros2_ws_10_YOLO26_weed/build/yolov5_inference_node': CMAKE_PREFIX_PATH=/opt/ros/humble /usr/bin/cmake --build /home/sunrise/ros2_ws_10_YOLO26_weed/build/yolov5_inference_node -- -j8 -l8
[2.089s] DEBUG:colcon.colcon_core.event_handler.log_command:Invoked command in '/home/sunrise/ros2_ws_10_YOLO26_weed/build/yolov5_inference_node' returned '0': CMAKE_PREFIX_PATH=/opt/ros/humble /usr/bin/cmake --build /home/sunrise/ros2_ws_10_YOLO26_weed/build/yolov5_inference_node -- -j8 -l8
[2.139s] DEBUG:colcon.colcon_core.event_handler.log_command:Invoking command in '/home/sunrise/ros2_ws_10_YOLO26_weed/build/yolov5_inference_node': CMAKE_PREFIX_PATH=/opt/ros/humble /usr/bin/cmake --install /home/sunrise/ros2_ws_10_YOLO26_weed/build/yolov5_inference_node
[2.193s] Level 1:colcon.colcon_core.environment:create_environment_scripts_only(yolov5_inference_node)
[2.197s] DEBUG:colcon.colcon_core.event_handler.log_command:Invoked command in '/home/sunrise/ros2_ws_10_YOLO26_weed/build/yolov5_inference_node' returned '0': CMAKE_PREFIX_PATH=/opt/ros/humble /usr/bin/cmake --install /home/sunrise/ros2_ws_10_YOLO26_weed/build/yolov5_inference_node
[2.209s] Level 1:colcon.colcon_core.environment:checking '/home/sunrise/ros2_ws_10_YOLO26_weed/install/yolov5_inference_node' for CMake module files
[2.212s] Level 1:colcon.colcon_core.environment:checking '/home/sunrise/ros2_ws_10_YOLO26_weed/install/yolov5_inference_node' for CMake config files
[2.215s] Level 1:colcon.colcon_core.shell:create_environment_hook('yolov5_inference_node', 'cmake_prefix_path')
[2.216s] INFO:colcon.colcon_core.shell:Creating environment hook '/home/sunrise/ros2_ws_10_YOLO26_weed/install/yolov5_inference_node/share/yolov5_inference_node/hook/cmake_prefix_path.ps1'
[2.221s] INFO:colcon.colcon_core.shell:Creating environment descriptor '/home/sunrise/ros2_ws_10_YOLO26_weed/install/yolov5_inference_node/share/yolov5_inference_node/hook/cmake_prefix_path.dsv'
[2.225s] INFO:colcon.colcon_core.shell:Creating environment hook '/home/sunrise/ros2_ws_10_YOLO26_weed/install/yolov5_inference_node/share/yolov5_inference_node/hook/cmake_prefix_path.sh'
[2.232s] Level 1:colcon.colcon_core.environment:checking '/home/sunrise/ros2_ws_10_YOLO26_weed/install/yolov5_inference_node/lib'
[2.233s] Level 1:colcon.colcon_core.environment:checking '/home/sunrise/ros2_ws_10_YOLO26_weed/install/yolov5_inference_node/bin'
[2.234s] Level 1:colcon.colcon_core.environment:checking '/home/sunrise/ros2_ws_10_YOLO26_weed/install/yolov5_inference_node/lib/pkgconfig/yolov5_inference_node.pc'
[2.235s] Level 1:colcon.colcon_core.environment:checking '/home/sunrise/ros2_ws_10_YOLO26_weed/install/yolov5_inference_node/lib/python3.10/site-packages'
[2.237s] Level 1:colcon.colcon_core.environment:checking '/home/sunrise/ros2_ws_10_YOLO26_weed/install/yolov5_inference_node/bin'
[2.239s] INFO:colcon.colcon_core.shell:Creating package script '/home/sunrise/ros2_ws_10_YOLO26_weed/install/yolov5_inference_node/share/yolov5_inference_node/package.ps1'
[2.245s] INFO:colcon.colcon_core.shell:Creating package descriptor '/home/sunrise/ros2_ws_10_YOLO26_weed/install/yolov5_inference_node/share/yolov5_inference_node/package.dsv'
[2.248s] INFO:colcon.colcon_core.shell:Creating package script '/home/sunrise/ros2_ws_10_YOLO26_weed/install/yolov5_inference_node/share/yolov5_inference_node/package.sh'
[2.255s] INFO:colcon.colcon_core.shell:Creating package script '/home/sunrise/ros2_ws_10_YOLO26_weed/install/yolov5_inference_node/share/yolov5_inference_node/package.bash'
[2.260s] INFO:colcon.colcon_core.shell:Creating package script '/home/sunrise/ros2_ws_10_YOLO26_weed/install/yolov5_inference_node/share/yolov5_inference_node/package.zsh'
[2.266s] Level 1:colcon.colcon_core.environment:create_file_with_runtime_dependencies(/home/sunrise/ros2_ws_10_YOLO26_weed/install/yolov5_inference_node/share/colcon-core/packages/yolov5_inference_node)
[2.270s] Level 1:colcon.colcon_core.environment:create_environment_scripts_only(yolov5_inference_node)
[2.271s] Level 1:colcon.colcon_core.environment:checking '/home/sunrise/ros2_ws_10_YOLO26_weed/install/yolov5_inference_node' for CMake module files
[2.274s] Level 1:colcon.colcon_core.environment:checking '/home/sunrise/ros2_ws_10_YOLO26_weed/install/yolov5_inference_node' for CMake config files
[2.276s] Level 1:colcon.colcon_core.shell:create_environment_hook('yolov5_inference_node', 'cmake_prefix_path')
[2.277s] INFO:colcon.colcon_core.shell:Creating environment hook '/home/sunrise/ros2_ws_10_YOLO26_weed/install/yolov5_inference_node/share/yolov5_inference_node/hook/cmake_prefix_path.ps1'
[2.280s] INFO:colcon.colcon_core.shell:Creating environment descriptor '/home/sunrise/ros2_ws_10_YOLO26_weed/install/yolov5_inference_node/share/yolov5_inference_node/hook/cmake_prefix_path.dsv'
[2.282s] INFO:colcon.colcon_core.shell:Creating environment hook '/home/sunrise/ros2_ws_10_YOLO26_weed/install/yolov5_inference_node/share/yolov5_inference_node/hook/cmake_prefix_path.sh'
[2.287s] Level 1:colcon.colcon_core.environment:checking '/home/sunrise/ros2_ws_10_YOLO26_weed/install/yolov5_inference_node/lib'
[2.288s] Level 1:colcon.colcon_core.environment:checking '/home/sunrise/ros2_ws_10_YOLO26_weed/install/yolov5_inference_node/bin'
[2.289s] Level 1:colcon.colcon_core.environment:checking '/home/sunrise/ros2_ws_10_YOLO26_weed/install/yolov5_inference_node/lib/pkgconfig/yolov5_inference_node.pc'
[2.290s] Level 1:colcon.colcon_core.environment:checking '/home/sunrise/ros2_ws_10_YOLO26_weed/install/yolov5_inference_node/lib/python3.10/site-packages'
[2.294s] Level 1:colcon.colcon_core.environment:checking '/home/sunrise/ros2_ws_10_YOLO26_weed/install/yolov5_inference_node/bin'
[2.296s] INFO:colcon.colcon_core.shell:Creating package script '/home/sunrise/ros2_ws_10_YOLO26_weed/install/yolov5_inference_node/share/yolov5_inference_node/package.ps1'
[2.300s] INFO:colcon.colcon_core.shell:Creating package descriptor '/home/sunrise/ros2_ws_10_YOLO26_weed/install/yolov5_inference_node/share/yolov5_inference_node/package.dsv'
[2.304s] INFO:colcon.colcon_core.shell:Creating package script '/home/sunrise/ros2_ws_10_YOLO26_weed/install/yolov5_inference_node/share/yolov5_inference_node/package.sh'
[2.306s] INFO:colcon.colcon_core.shell:Creating package script '/home/sunrise/ros2_ws_10_YOLO26_weed/install/yolov5_inference_node/share/yolov5_inference_node/package.bash'
[2.309s] INFO:colcon.colcon_core.shell:Creating package script '/home/sunrise/ros2_ws_10_YOLO26_weed/install/yolov5_inference_node/share/yolov5_inference_node/package.zsh'
[2.312s] Level 1:colcon.colcon_core.environment:create_file_with_runtime_dependencies(/home/sunrise/ros2_ws_10_YOLO26_weed/install/yolov5_inference_node/share/colcon-core/packages/yolov5_inference_node)
[2.313s] DEBUG:colcon.colcon_parallel_executor.executor.parallel:closing loop
[2.315s] DEBUG:colcon.colcon_parallel_executor.executor.parallel:loop closed
[2.315s] DEBUG:colcon.colcon_parallel_executor.executor.parallel:run_until_complete finished with '0'
[2.316s] DEBUG:colcon.colcon_core.event_reactor:joining thread
[2.349s] INFO:colcon.colcon_core.plugin_system:Skipping extension 'colcon_notification.desktop_notification.notify_send': Could not find 'notify-send'
[2.350s] INFO:colcon.colcon_core.plugin_system:Skipping extension 'colcon_notification.desktop_notification.terminal_notifier': Not used on non-Darwin systems
[2.351s] INFO:colcon.colcon_core.plugin_system:Skipping extension 'colcon_notification.desktop_notification.win32': Not used on non-Windows systems
[2.351s] INFO:colcon.colcon_notification.desktop_notification:Sending desktop notification using 'notify2'
[2.379s] DEBUG:colcon.colcon_core.event_reactor:joined thread
[2.381s] INFO:colcon.colcon_core.shell:Creating prefix script '/home/sunrise/ros2_ws_10_YOLO26_weed/install/local_setup.ps1'
[2.388s] INFO:colcon.colcon_core.shell:Creating prefix util module '/home/sunrise/ros2_ws_10_YOLO26_weed/install/_local_setup_util_ps1.py'
[2.398s] INFO:colcon.colcon_core.shell:Creating prefix chain script '/home/sunrise/ros2_ws_10_YOLO26_weed/install/setup.ps1'
[2.405s] INFO:colcon.colcon_core.shell:Creating prefix script '/home/sunrise/ros2_ws_10_YOLO26_weed/install/local_setup.sh'
[2.410s] INFO:colcon.colcon_core.shell:Creating prefix util module '/home/sunrise/ros2_ws_10_YOLO26_weed/install/_local_setup_util_sh.py'
[2.414s] INFO:colcon.colcon_core.shell:Creating prefix chain script '/home/sunrise/ros2_ws_10_YOLO26_weed/install/setup.sh'
[2.421s] INFO:colcon.colcon_core.shell:Creating prefix script '/home/sunrise/ros2_ws_10_YOLO26_weed/install/local_setup.bash'
[2.425s] INFO:colcon.colcon_core.shell:Creating prefix chain script '/home/sunrise/ros2_ws_10_YOLO26_weed/install/setup.bash'
[2.432s] INFO:colcon.colcon_core.shell:Creating prefix script '/home/sunrise/ros2_ws_10_YOLO26_weed/install/local_setup.zsh'
[2.436s] INFO:colcon.colcon_core.shell:Creating prefix chain script '/home/sunrise/ros2_ws_10_YOLO26_weed/install/setup.zsh'
