-- The C compiler identification is GNU 11.2.0
-- The CXX compiler identification is GNU 11.2.0
-- Detecting C compiler ABI info
-- Detecting C compiler ABI info - done
-- Check for working C compiler: /usr/bin/cc - skipped
-- Detecting C compile features
-- Detecting C compile features - done
-- Detecting CXX compiler ABI info
-- Detecting CXX compiler ABI info - done
-- Check for working CXX compiler: /usr/bin/c++ - skipped
-- Detecting CXX compile features
-- Detecting CXX compile features - done
-- Found ament_cmake: 1.3.13 (/opt/ros/humble/share/ament_cmake/cmake)
-- Found Python3: /usr/bin/python3 (found version "3.10.12") found components: Interpreter 
-- Found rclcpp: 16.0.18 (/opt/ros/humble/share/rclcpp/cmake)
-- Found rosidl_generator_c: 3.1.8 (/opt/ros/humble/share/rosidl_generator_c/cmake)
-- Found rosidl_adapter: 3.1.8 (/opt/ros/humble/share/rosidl_adapter/cmake)
-- Found rosidl_generator_cpp: 3.1.8 (/opt/ros/humble/share/rosidl_generator_cpp/cmake)
-- Using all available rosidl_typesupport_c: rosidl_typesupport_fastrtps_c;rosidl_typesupport_introspection_c
-- Using all available rosidl_typesupport_cpp: rosidl_typesupport_fastrtps_cpp;rosidl_typesupport_introspection_cpp
-- Found rmw_implementation_cmake: 6.1.2 (/opt/ros/humble/share/rmw_implementation_cmake/cmake)
-- Found rmw_fastrtps_cpp: 6.2.10 (/opt/ros/humble/share/rmw_fastrtps_cpp/cmake)
-- Found OpenSSL: /usr/lib/aarch64-linux-gnu/libcrypto.so (found version "3.0.2")  
-- Found FastRTPS: /opt/ros/humble/include  
-- Using RMW implementation 'rmw_fastrtps_cpp' as default
-- Looking for pthread.h
-- Looking for pthread.h - found
-- Performing Test CMAKE_HAVE_LIBC_PTHREAD
-- Performing Test CMAKE_HAVE_LIBC_PTHREAD - Success
-- Found Threads: TRUE  
-- Found sensor_msgs: 4.9.1 (/opt/ros/humble/share/sensor_msgs/cmake)
-- Found cv_bridge: 3.2.1 (/opt/ros/humble/share/cv_bridge/cmake)
-- Found image_transport: 3.1.12 (/opt/ros/humble/share/image_transport/cmake)
-- Found OpenCV: /usr (found version "4.5.4") 
-- Found ament_lint_auto: 0.12.15 (/opt/ros/humble/share/ament_lint_auto/cmake)
-- Added test 'copyright' to check source files copyright and LICENSE
-- Added test 'cppcheck' to perform static code analysis on C / C++ code
-- Configured cppcheck include dirs: 
-- Configured cppcheck exclude dirs and/or files: 
-- Added test 'cpplint' to check C / C++ code against the Google style
-- Configured cpplint exclude dirs and/or files: 
-- Added test 'flake8' to check Python code syntax and style conventions
-- Added test 'lint_cmake' to check CMake code style
-- Added test 'pep257' to check Python code against some of the docstring style conventions in PEP 257
-- Added test 'uncrustify' to check C / C++ code style
-- Configured uncrustify additional arguments: 
-- Added test 'xmllint' to check XML markup files
-- Configuring done
-- Generating done
-- Build files have been written to: /home/sunrise/ros2_ws_10_YOLO26_weed/build/yolov5_inference_node
[ 50%] [32mBuilding CXX object CMakeFiles/inference_node.dir/src/inference_node.cpp.o[0m
[100%] [32m[1mLinking CXX executable inference_node[0m
[100%] Built target inference_node
-- Install configuration: ""
-- Installing: /home/sunrise/ros2_ws_10_YOLO26_weed/install/yolov5_inference_node/lib/yolov5_inference_node/inference_node
-- Set runtime path of "/home/sunrise/ros2_ws_10_YOLO26_weed/install/yolov5_inference_node/lib/yolov5_inference_node/inference_node" to ""
-- Installing: /home/sunrise/ros2_ws_10_YOLO26_weed/install/yolov5_inference_node/share/yolov5_inference_node//launch
-- Installing: /home/sunrise/ros2_ws_10_YOLO26_weed/install/yolov5_inference_node/share/yolov5_inference_node//launch/weed_detection.launch.py
-- Installing: /home/sunrise/ros2_ws_10_YOLO26_weed/install/yolov5_inference_node/share/ament_index/resource_index/package_run_dependencies/yolov5_inference_node
-- Installing: /home/sunrise/ros2_ws_10_YOLO26_weed/install/yolov5_inference_node/share/ament_index/resource_index/parent_prefix_path/yolov5_inference_node
-- Installing: /home/sunrise/ros2_ws_10_YOLO26_weed/install/yolov5_inference_node/share/yolov5_inference_node/environment/ament_prefix_path.sh
-- Installing: /home/sunrise/ros2_ws_10_YOLO26_weed/install/yolov5_inference_node/share/yolov5_inference_node/environment/ament_prefix_path.dsv
-- Installing: /home/sunrise/ros2_ws_10_YOLO26_weed/install/yolov5_inference_node/share/yolov5_inference_node/environment/path.sh
-- Installing: /home/sunrise/ros2_ws_10_YOLO26_weed/install/yolov5_inference_node/share/yolov5_inference_node/environment/path.dsv
-- Installing: /home/sunrise/ros2_ws_10_YOLO26_weed/install/yolov5_inference_node/share/yolov5_inference_node/local_setup.bash
-- Installing: /home/sunrise/ros2_ws_10_YOLO26_weed/install/yolov5_inference_node/share/yolov5_inference_node/local_setup.sh
-- Installing: /home/sunrise/ros2_ws_10_YOLO26_weed/install/yolov5_inference_node/share/yolov5_inference_node/local_setup.zsh
-- Installing: /home/sunrise/ros2_ws_10_YOLO26_weed/install/yolov5_inference_node/share/yolov5_inference_node/local_setup.dsv
-- Installing: /home/sunrise/ros2_ws_10_YOLO26_weed/install/yolov5_inference_node/share/yolov5_inference_node/package.dsv
-- Installing: /home/sunrise/ros2_ws_10_YOLO26_weed/install/yolov5_inference_node/share/ament_index/resource_index/packages/yolov5_inference_node
-- Installing: /home/sunrise/ros2_ws_10_YOLO26_weed/install/yolov5_inference_node/share/yolov5_inference_node/cmake/yolov5_inference_nodeConfig.cmake
-- Installing: /home/sunrise/ros2_ws_10_YOLO26_weed/install/yolov5_inference_node/share/yolov5_inference_node/cmake/yolov5_inference_nodeConfig-version.cmake
-- Installing: /home/sunrise/ros2_ws_10_YOLO26_weed/install/yolov5_inference_node/share/yolov5_inference_node/package.xml
