[0.050s] Invoking command in '/home/sunrise/ros2_ws_10_YOLO26_weed/build/yolov5_inference_node': CMAKE_PREFIX_PATH=/opt/ros/humble /usr/bin/cmake /home/sunrise/ros2_ws_10_YOLO26_weed/src/yolov5_inference_node -DCMAKE_INSTALL_PREFIX=/home/sunrise/ros2_ws_10_YOLO26_weed/install/yolov5_inference_node
[0.684s] -- The C compiler identification is GNU 11.2.0
[1.266s] -- The CXX compiler identification is GNU 11.2.0
[1.324s] -- Detecting C compiler ABI info
[1.759s] -- Detecting C compiler ABI info - done
[1.805s] -- Check for working C compiler: /usr/bin/cc - skipped
[1.808s] -- Detecting C compile features
[1.812s] -- Detecting C compile features - done
[1.829s] -- Detecting CXX compiler ABI info
[2.241s] -- Detecting CXX compiler ABI info - done
[2.290s] -- Check for working CXX compiler: /usr/bin/c++ - skipped
[2.291s] -- Detecting CXX compile features
[2.293s] -- Detecting CXX compile features - done
[2.310s] -- Found ament_cmake: 1.3.13 (/opt/ros/humble/share/ament_cmake/cmake)
[4.781s] -- Found Python3: /usr/bin/python3 (found version "3.10.12") found components: Interpreter 
[5.383s] -- Found rclcpp: 16.0.18 (/opt/ros/humble/share/rclcpp/cmake)
[5.601s] -- Found rosidl_generator_c: 3.1.8 (/opt/ros/humble/share/rosidl_generator_c/cmake)
[5.627s] -- Found rosidl_adapter: 3.1.8 (/opt/ros/humble/share/rosidl_adapter/cmake)
[5.680s] -- Found rosidl_generator_cpp: 3.1.8 (/opt/ros/humble/share/rosidl_generator_cpp/cmake)
[5.758s] -- Using all available rosidl_typesupport_c: rosidl_typesupport_fastrtps_c;rosidl_typesupport_introspection_c
[5.858s] -- Using all available rosidl_typesupport_cpp: rosidl_typesupport_fastrtps_cpp;rosidl_typesupport_introspection_cpp
[6.129s] -- Found rmw_implementation_cmake: 6.1.2 (/opt/ros/humble/share/rmw_implementation_cmake/cmake)
[6.145s] -- Found rmw_fastrtps_cpp: 6.2.10 (/opt/ros/humble/share/rmw_fastrtps_cpp/cmake)
[6.907s] -- Found OpenSSL: /usr/lib/aarch64-linux-gnu/libcrypto.so (found version "3.0.2")  
[7.035s] -- Found FastRTPS: /opt/ros/humble/include  
[7.217s] -- Using RMW implementation 'rmw_fastrtps_cpp' as default
[7.261s] -- Looking for pthread.h
[7.682s] -- Looking for pthread.h - found
[7.685s] -- Performing Test CMAKE_HAVE_LIBC_PTHREAD
[8.100s] -- Performing Test CMAKE_HAVE_LIBC_PTHREAD - Success
[8.110s] -- Found Threads: TRUE  
[8.476s] -- Found sensor_msgs: 4.9.1 (/opt/ros/humble/share/sensor_msgs/cmake)
[8.689s] -- Found cv_bridge: 3.2.1 (/opt/ros/humble/share/cv_bridge/cmake)
[8.760s] -- Found image_transport: 3.1.12 (/opt/ros/humble/share/image_transport/cmake)
[8.933s] -- Found OpenCV: /usr (found version "4.5.4") 
[8.945s] -- Found ament_lint_auto: 0.12.15 (/opt/ros/humble/share/ament_lint_auto/cmake)
[9.458s] -- Added test 'copyright' to check source files copyright and LICENSE
[9.464s] -- Added test 'cppcheck' to perform static code analysis on C / C++ code
[9.465s] -- Configured cppcheck include dirs: 
[9.466s] -- Configured cppcheck exclude dirs and/or files: 
[9.470s] -- Added test 'cpplint' to check C / C++ code against the Google style
[9.471s] -- Configured cpplint exclude dirs and/or files: 
[9.473s] -- Added test 'flake8' to check Python code syntax and style conventions
[9.476s] -- Added test 'lint_cmake' to check CMake code style
[9.479s] -- Added test 'pep257' to check Python code against some of the docstring style conventions in PEP 257
[9.483s] -- Added test 'uncrustify' to check C / C++ code style
[9.484s] -- Configured uncrustify additional arguments: 
[9.486s] -- Added test 'xmllint' to check XML markup files
[9.493s] -- Configuring done
[9.570s] -- Generating done
[9.596s] -- Build files have been written to: /home/sunrise/ros2_ws_10_YOLO26_weed/build/yolov5_inference_node
[9.675s] Invoked command in '/home/sunrise/ros2_ws_10_YOLO26_weed/build/yolov5_inference_node' returned '0': CMAKE_PREFIX_PATH=/opt/ros/humble /usr/bin/cmake /home/sunrise/ros2_ws_10_YOLO26_weed/src/yolov5_inference_node -DCMAKE_INSTALL_PREFIX=/home/sunrise/ros2_ws_10_YOLO26_weed/install/yolov5_inference_node
[9.686s] Invoking command in '/home/sunrise/ros2_ws_10_YOLO26_weed/build/yolov5_inference_node': CMAKE_PREFIX_PATH=/opt/ros/humble /usr/bin/cmake --build /home/sunrise/ros2_ws_10_YOLO26_weed/build/yolov5_inference_node -- -j8 -l8
[9.929s] [ 50%] [32mBuilding CXX object CMakeFiles/inference_node.dir/src/inference_node.cpp.o[0m
[50.454s] [100%] [32m[1mLinking CXX executable inference_node[0m
[55.010s] [100%] Built target inference_node
[55.063s] Invoked command in '/home/sunrise/ros2_ws_10_YOLO26_weed/build/yolov5_inference_node' returned '0': CMAKE_PREFIX_PATH=/opt/ros/humble /usr/bin/cmake --build /home/sunrise/ros2_ws_10_YOLO26_weed/build/yolov5_inference_node -- -j8 -l8
[55.110s] Invoking command in '/home/sunrise/ros2_ws_10_YOLO26_weed/build/yolov5_inference_node': CMAKE_PREFIX_PATH=/opt/ros/humble /usr/bin/cmake --install /home/sunrise/ros2_ws_10_YOLO26_weed/build/yolov5_inference_node
[55.145s] -- Install configuration: ""
[55.146s] -- Installing: /home/sunrise/ros2_ws_10_YOLO26_weed/install/yolov5_inference_node/lib/yolov5_inference_node/inference_node
[55.155s] -- Set runtime path of "/home/sunrise/ros2_ws_10_YOLO26_weed/install/yolov5_inference_node/lib/yolov5_inference_node/inference_node" to ""
[55.156s] -- Installing: /home/sunrise/ros2_ws_10_YOLO26_weed/install/yolov5_inference_node/share/yolov5_inference_node//launch
[55.156s] -- Installing: /home/sunrise/ros2_ws_10_YOLO26_weed/install/yolov5_inference_node/share/yolov5_inference_node//launch/weed_detection.launch.py
[55.157s] -- Installing: /home/sunrise/ros2_ws_10_YOLO26_weed/install/yolov5_inference_node/share/ament_index/resource_index/package_run_dependencies/yolov5_inference_node
[55.158s] -- Installing: /home/sunrise/ros2_ws_10_YOLO26_weed/install/yolov5_inference_node/share/ament_index/resource_index/parent_prefix_path/yolov5_inference_node
[55.159s] -- Installing: /home/sunrise/ros2_ws_10_YOLO26_weed/install/yolov5_inference_node/share/yolov5_inference_node/environment/ament_prefix_path.sh
[55.160s] -- Installing: /home/sunrise/ros2_ws_10_YOLO26_weed/install/yolov5_inference_node/share/yolov5_inference_node/environment/ament_prefix_path.dsv
[55.160s] -- Installing: /home/sunrise/ros2_ws_10_YOLO26_weed/install/yolov5_inference_node/share/yolov5_inference_node/environment/path.sh
[55.161s] -- Installing: /home/sunrise/ros2_ws_10_YOLO26_weed/install/yolov5_inference_node/share/yolov5_inference_node/environment/path.dsv
[55.162s] -- Installing: /home/sunrise/ros2_ws_10_YOLO26_weed/install/yolov5_inference_node/share/yolov5_inference_node/local_setup.bash
[55.162s] -- Installing: /home/sunrise/ros2_ws_10_YOLO26_weed/install/yolov5_inference_node/share/yolov5_inference_node/local_setup.sh
[55.163s] -- Installing: /home/sunrise/ros2_ws_10_YOLO26_weed/install/yolov5_inference_node/share/yolov5_inference_node/local_setup.zsh
[55.164s] -- Installing: /home/sunrise/ros2_ws_10_YOLO26_weed/install/yolov5_inference_node/share/yolov5_inference_node/local_setup.dsv
[55.165s] -- Installing: /home/sunrise/ros2_ws_10_YOLO26_weed/install/yolov5_inference_node/share/yolov5_inference_node/package.dsv
[55.165s] -- Installing: /home/sunrise/ros2_ws_10_YOLO26_weed/install/yolov5_inference_node/share/ament_index/resource_index/packages/yolov5_inference_node
[55.166s] -- Installing: /home/sunrise/ros2_ws_10_YOLO26_weed/install/yolov5_inference_node/share/yolov5_inference_node/cmake/yolov5_inference_nodeConfig.cmake
[55.167s] -- Installing: /home/sunrise/ros2_ws_10_YOLO26_weed/install/yolov5_inference_node/share/yolov5_inference_node/cmake/yolov5_inference_nodeConfig-version.cmake
[55.168s] -- Installing: /home/sunrise/ros2_ws_10_YOLO26_weed/install/yolov5_inference_node/share/yolov5_inference_node/package.xml
[55.177s] Invoked command in '/home/sunrise/ros2_ws_10_YOLO26_weed/build/yolov5_inference_node' returned '0': CMAKE_PREFIX_PATH=/opt/ros/humble /usr/bin/cmake --install /home/sunrise/ros2_ws_10_YOLO26_weed/build/yolov5_inference_node
