[0.745s] DEBUG:colcon:Command line arguments: ['/usr/bin/colcon', 'build', '--packages-select', 'yolov5_inference_node']
[0.745s] DEBUG:colcon:Parsed command line arguments: Namespace(log_base=None, log_level=None, verb_name='build', build_base='build', install_base='install', merge_install=False, symlink_install=False, test_result_base=None, continue_on_error=False, executor='parallel', parallel_workers=8, event_handlers=None, ignore_user_meta=False, metas=['./colcon.meta'], base_paths=['.'], packages_ignore=None, packages_ignore_regex=None, paths=None, packages_up_to=None, packages_up_to_regex=None, packages_above=None, packages_above_and_dependencies=None, packages_above_depth=None, packages_select_by_dep=None, packages_skip_by_dep=None, packages_skip_up_to=None, packages_select_build_failed=False, packages_skip_build_finished=False, packages_select_test_failures=False, packages_skip_test_passed=False, packages_select=['yolov5_inference_node'], packages_skip=None, packages_select_regex=None, packages_skip_regex=None, packages_start=None, packages_end=None, allow_overriding=[], cmake_args=None, cmake_target=None, cmake_target_skip_unavailable=False, cmake_clean_cache=False, cmake_clean_first=False, cmake_force_configure=False, ament_cmake_args=None, catkin_cmake_args=None, catkin_skip_building_tests=False, verb_parser=<colcon_defaults.argument_parser.defaults.DefaultArgumentsDecorator object at 0xffff8ed04970>, verb_extension=<colcon_core.verb.build.BuildVerb object at 0xffff8ed044f0>, main=<bound method BuildVerb.main of <colcon_core.verb.build.BuildVerb object at 0xffff8ed044f0>>)
[1.093s] Level 1:colcon.colcon_core.package_discovery:discover_packages(colcon_meta) check parameters
[1.093s] Level 1:colcon.colcon_core.package_discovery:discover_packages(recursive) check parameters
[1.094s] Level 1:colcon.colcon_core.package_discovery:discover_packages(ignore) check parameters
[1.094s] Level 1:colcon.colcon_core.package_discovery:discover_packages(path) check parameters
[1.094s] Level 1:colcon.colcon_core.package_discovery:discover_packages(colcon_meta) discover
[1.094s] Level 1:colcon.colcon_core.package_discovery:discover_packages(recursive) discover
[1.095s] INFO:colcon.colcon_core.package_discovery:Crawling recursively for packages in '/home/sunrise/ros2_ws_10_YOLO26_weed'
[1.095s] Level 1:colcon.colcon_core.package_identification:_identify(.) by extensions ['ignore', 'ignore_ament_install']
[1.095s] Level 1:colcon.colcon_core.package_identification:_identify(.) by extension 'ignore'
[1.096s] Level 1:colcon.colcon_core.package_identification:_identify(.) by extension 'ignore_ament_install'
[1.096s] Level 1:colcon.colcon_core.package_identification:_identify(.) by extensions ['colcon_pkg']
[1.096s] Level 1:colcon.colcon_core.package_identification:_identify(.) by extension 'colcon_pkg'
[1.097s] Level 1:colcon.colcon_core.package_identification:_identify(.) by extensions ['colcon_meta']
[1.097s] Level 1:colcon.colcon_core.package_identification:_identify(.) by extension 'colcon_meta'
[1.097s] Level 1:colcon.colcon_core.package_identification:_identify(.) by extensions ['ros']
[1.097s] Level 1:colcon.colcon_core.package_identification:_identify(.) by extension 'ros'
[1.200s] Level 1:colcon.colcon_core.package_identification:_identify(.) by extensions ['cmake', 'python']
[1.201s] Level 1:colcon.colcon_core.package_identification:_identify(.) by extension 'cmake'
[1.201s] Level 1:colcon.colcon_core.package_identification:_identify(.) by extension 'python'
[1.202s] Level 1:colcon.colcon_core.package_identification:_identify(.) by extensions ['python_setup_py']
[1.202s] Level 1:colcon.colcon_core.package_identification:_identify(.) by extension 'python_setup_py'
[1.203s] Level 1:colcon.colcon_core.package_identification:_identify(build) by extensions ['ignore', 'ignore_ament_install']
[1.203s] Level 1:colcon.colcon_core.package_identification:_identify(build) by extension 'ignore'
[1.203s] Level 1:colcon.colcon_core.package_identification:_identify(build) ignored
[1.204s] Level 1:colcon.colcon_core.package_identification:_identify(install) by extensions ['ignore', 'ignore_ament_install']
[1.204s] Level 1:colcon.colcon_core.package_identification:_identify(install) by extension 'ignore'
[1.205s] Level 1:colcon.colcon_core.package_identification:_identify(install) ignored
[1.205s] Level 1:colcon.colcon_core.package_identification:_identify(log) by extensions ['ignore', 'ignore_ament_install']
[1.206s] Level 1:colcon.colcon_core.package_identification:_identify(log) by extension 'ignore'
[1.206s] Level 1:colcon.colcon_core.package_identification:_identify(log) ignored
[1.206s] Level 1:colcon.colcon_core.package_identification:_identify(src) by extensions ['ignore', 'ignore_ament_install']
[1.207s] Level 1:colcon.colcon_core.package_identification:_identify(src) by extension 'ignore'
[1.207s] Level 1:colcon.colcon_core.package_identification:_identify(src) by extension 'ignore_ament_install'
[1.207s] Level 1:colcon.colcon_core.package_identification:_identify(src) by extensions ['colcon_pkg']
[1.207s] Level 1:colcon.colcon_core.package_identification:_identify(src) by extension 'colcon_pkg'
[1.208s] Level 1:colcon.colcon_core.package_identification:_identify(src) by extensions ['colcon_meta']
[1.208s] Level 1:colcon.colcon_core.package_identification:_identify(src) by extension 'colcon_meta'
[1.208s] Level 1:colcon.colcon_core.package_identification:_identify(src) by extensions ['ros']
[1.208s] Level 1:colcon.colcon_core.package_identification:_identify(src) by extension 'ros'
[1.209s] Level 1:colcon.colcon_core.package_identification:_identify(src) by extensions ['cmake', 'python']
[1.209s] Level 1:colcon.colcon_core.package_identification:_identify(src) by extension 'cmake'
[1.209s] Level 1:colcon.colcon_core.package_identification:_identify(src) by extension 'python'
[1.209s] Level 1:colcon.colcon_core.package_identification:_identify(src) by extensions ['python_setup_py']
[1.210s] Level 1:colcon.colcon_core.package_identification:_identify(src) by extension 'python_setup_py'
[1.210s] Level 1:colcon.colcon_core.package_identification:_identify(src/yolov5_inference_node) by extensions ['ignore', 'ignore_ament_install']
[1.210s] Level 1:colcon.colcon_core.package_identification:_identify(src/yolov5_inference_node) by extension 'ignore'
[1.211s] Level 1:colcon.colcon_core.package_identification:_identify(src/yolov5_inference_node) by extension 'ignore_ament_install'
[1.211s] Level 1:colcon.colcon_core.package_identification:_identify(src/yolov5_inference_node) by extensions ['colcon_pkg']
[1.211s] Level 1:colcon.colcon_core.package_identification:_identify(src/yolov5_inference_node) by extension 'colcon_pkg'
[1.212s] Level 1:colcon.colcon_core.package_identification:_identify(src/yolov5_inference_node) by extensions ['colcon_meta']
[1.212s] Level 1:colcon.colcon_core.package_identification:_identify(src/yolov5_inference_node) by extension 'colcon_meta'
[1.212s] Level 1:colcon.colcon_core.package_identification:_identify(src/yolov5_inference_node) by extensions ['ros']
[1.212s] Level 1:colcon.colcon_core.package_identification:_identify(src/yolov5_inference_node) by extension 'ros'
[1.230s] DEBUG:colcon.colcon_core.package_identification:Package 'src/yolov5_inference_node' with type 'ros.ament_cmake' and name 'yolov5_inference_node'
[1.230s] Level 1:colcon.colcon_core.package_discovery:discover_packages(recursive) using defaults
[1.231s] Level 1:colcon.colcon_core.package_discovery:discover_packages(ignore) discover
[1.231s] Level 1:colcon.colcon_core.package_discovery:discover_packages(ignore) using defaults
[1.231s] Level 1:colcon.colcon_core.package_discovery:discover_packages(path) discover
[1.231s] Level 1:colcon.colcon_core.package_discovery:discover_packages(path) using defaults
[1.370s] Level 1:colcon.colcon_core.package_discovery:discover_packages(prefix_path) check parameters
[1.371s] Level 1:colcon.colcon_core.package_discovery:discover_packages(prefix_path) discover
[1.388s] DEBUG:colcon.colcon_installed_package_information.package_discovery:Found 276 installed packages in /opt/ros/humble
[1.399s] Level 1:colcon.colcon_core.package_discovery:discover_packages(prefix_path) using defaults
[1.665s] Level 5:colcon.colcon_core.verb:set package 'yolov5_inference_node' build argument 'cmake_args' from command line to 'None'
[1.666s] Level 5:colcon.colcon_core.verb:set package 'yolov5_inference_node' build argument 'cmake_target' from command line to 'None'
[1.666s] Level 5:colcon.colcon_core.verb:set package 'yolov5_inference_node' build argument 'cmake_target_skip_unavailable' from command line to 'False'
[1.666s] Level 5:colcon.colcon_core.verb:set package 'yolov5_inference_node' build argument 'cmake_clean_cache' from command line to 'False'
[1.667s] Level 5:colcon.colcon_core.verb:set package 'yolov5_inference_node' build argument 'cmake_clean_first' from command line to 'False'
[1.667s] Level 5:colcon.colcon_core.verb:set package 'yolov5_inference_node' build argument 'cmake_force_configure' from command line to 'False'
[1.667s] Level 5:colcon.colcon_core.verb:set package 'yolov5_inference_node' build argument 'ament_cmake_args' from command line to 'None'
[1.667s] Level 5:colcon.colcon_core.verb:set package 'yolov5_inference_node' build argument 'catkin_cmake_args' from command line to 'None'
[1.667s] Level 5:colcon.colcon_core.verb:set package 'yolov5_inference_node' build argument 'catkin_skip_building_tests' from command line to 'False'
[1.667s] DEBUG:colcon.colcon_core.verb:Building package 'yolov5_inference_node' with the following arguments: {'ament_cmake_args': None, 'build_base': '/home/sunrise/ros2_ws_10_YOLO26_weed/build/yolov5_inference_node', 'catkin_cmake_args': None, 'catkin_skip_building_tests': False, 'cmake_args': None, 'cmake_clean_cache': False, 'cmake_clean_first': False, 'cmake_force_configure': False, 'cmake_target': None, 'cmake_target_skip_unavailable': False, 'install_base': '/home/sunrise/ros2_ws_10_YOLO26_weed/install/yolov5_inference_node', 'merge_install': False, 'path': '/home/sunrise/ros2_ws_10_YOLO26_weed/src/yolov5_inference_node', 'symlink_install': False, 'test_result_base': None}
[1.668s] INFO:colcon.colcon_core.executor:Executing jobs using 'parallel' executor
[1.673s] DEBUG:colcon.colcon_parallel_executor.executor.parallel:run_until_complete
[1.674s] INFO:colcon.colcon_ros.task.ament_cmake.build:Building ROS package in '/home/sunrise/ros2_ws_10_YOLO26_weed/src/yolov5_inference_node' with build type 'ament_cmake'
[1.675s] INFO:colcon.colcon_cmake.task.cmake.build:Building CMake package in '/home/sunrise/ros2_ws_10_YOLO26_weed/src/yolov5_inference_node'
[1.693s] INFO:colcon.colcon_core.plugin_system:Skipping extension 'colcon_core.shell.bat': Not used on non-Windows systems
[1.694s] INFO:colcon.colcon_core.shell:Skip shell extension 'powershell' for command environment: Not usable outside of PowerShell
[1.694s] DEBUG:colcon.colcon_core.shell:Skip shell extension 'dsv' for command environment
[1.727s] DEBUG:colcon.colcon_core.event_handler.log_command:Invoking command in '/home/sunrise/ros2_ws_10_YOLO26_weed/build/yolov5_inference_node': CMAKE_PREFIX_PATH=/opt/ros/humble /usr/bin/cmake /home/sunrise/ros2_ws_10_YOLO26_weed/src/yolov5_inference_node -DCMAKE_INSTALL_PREFIX=/home/sunrise/ros2_ws_10_YOLO26_weed/install/yolov5_inference_node
[11.352s] DEBUG:colcon.colcon_core.event_handler.log_command:Invoked command in '/home/sunrise/ros2_ws_10_YOLO26_weed/build/yolov5_inference_node' returned '0': CMAKE_PREFIX_PATH=/opt/ros/humble /usr/bin/cmake /home/sunrise/ros2_ws_10_YOLO26_weed/src/yolov5_inference_node -DCMAKE_INSTALL_PREFIX=/home/sunrise/ros2_ws_10_YOLO26_weed/install/yolov5_inference_node
[11.363s] DEBUG:colcon.colcon_core.event_handler.log_command:Invoking command in '/home/sunrise/ros2_ws_10_YOLO26_weed/build/yolov5_inference_node': CMAKE_PREFIX_PATH=/opt/ros/humble /usr/bin/cmake --build /home/sunrise/ros2_ws_10_YOLO26_weed/build/yolov5_inference_node -- -j8 -l8
[56.740s] DEBUG:colcon.colcon_core.event_handler.log_command:Invoked command in '/home/sunrise/ros2_ws_10_YOLO26_weed/build/yolov5_inference_node' returned '0': CMAKE_PREFIX_PATH=/opt/ros/humble /usr/bin/cmake --build /home/sunrise/ros2_ws_10_YOLO26_weed/build/yolov5_inference_node -- -j8 -l8
[56.787s] DEBUG:colcon.colcon_core.event_handler.log_command:Invoking command in '/home/sunrise/ros2_ws_10_YOLO26_weed/build/yolov5_inference_node': CMAKE_PREFIX_PATH=/opt/ros/humble /usr/bin/cmake --install /home/sunrise/ros2_ws_10_YOLO26_weed/build/yolov5_inference_node
[56.851s] Level 1:colcon.colcon_core.environment:create_environment_scripts_only(yolov5_inference_node)
[56.854s] DEBUG:colcon.colcon_core.event_handler.log_command:Invoked command in '/home/sunrise/ros2_ws_10_YOLO26_weed/build/yolov5_inference_node' returned '0': CMAKE_PREFIX_PATH=/opt/ros/humble /usr/bin/cmake --install /home/sunrise/ros2_ws_10_YOLO26_weed/build/yolov5_inference_node
[56.877s] Level 1:colcon.colcon_core.environment:checking '/home/sunrise/ros2_ws_10_YOLO26_weed/install/yolov5_inference_node' for CMake module files
[56.881s] Level 1:colcon.colcon_core.environment:checking '/home/sunrise/ros2_ws_10_YOLO26_weed/install/yolov5_inference_node' for CMake config files
[56.882s] Level 1:colcon.colcon_core.shell:create_environment_hook('yolov5_inference_node', 'cmake_prefix_path')
[56.884s] INFO:colcon.colcon_core.shell:Creating environment hook '/home/sunrise/ros2_ws_10_YOLO26_weed/install/yolov5_inference_node/share/yolov5_inference_node/hook/cmake_prefix_path.ps1'
[56.891s] INFO:colcon.colcon_core.shell:Creating environment descriptor '/home/sunrise/ros2_ws_10_YOLO26_weed/install/yolov5_inference_node/share/yolov5_inference_node/hook/cmake_prefix_path.dsv'
[56.897s] INFO:colcon.colcon_core.shell:Creating environment hook '/home/sunrise/ros2_ws_10_YOLO26_weed/install/yolov5_inference_node/share/yolov5_inference_node/hook/cmake_prefix_path.sh'
[56.904s] Level 1:colcon.colcon_core.environment:checking '/home/sunrise/ros2_ws_10_YOLO26_weed/install/yolov5_inference_node/lib'
[56.905s] Level 1:colcon.colcon_core.environment:checking '/home/sunrise/ros2_ws_10_YOLO26_weed/install/yolov5_inference_node/bin'
[56.906s] Level 1:colcon.colcon_core.environment:checking '/home/sunrise/ros2_ws_10_YOLO26_weed/install/yolov5_inference_node/lib/pkgconfig/yolov5_inference_node.pc'
[56.908s] Level 1:colcon.colcon_core.environment:checking '/home/sunrise/ros2_ws_10_YOLO26_weed/install/yolov5_inference_node/lib/python3.10/site-packages'
[56.911s] Level 1:colcon.colcon_core.environment:checking '/home/sunrise/ros2_ws_10_YOLO26_weed/install/yolov5_inference_node/bin'
[56.913s] INFO:colcon.colcon_core.shell:Creating package script '/home/sunrise/ros2_ws_10_YOLO26_weed/install/yolov5_inference_node/share/yolov5_inference_node/package.ps1'
[56.920s] INFO:colcon.colcon_core.shell:Creating package descriptor '/home/sunrise/ros2_ws_10_YOLO26_weed/install/yolov5_inference_node/share/yolov5_inference_node/package.dsv'
[56.925s] INFO:colcon.colcon_core.shell:Creating package script '/home/sunrise/ros2_ws_10_YOLO26_weed/install/yolov5_inference_node/share/yolov5_inference_node/package.sh'
[56.930s] INFO:colcon.colcon_core.shell:Creating package script '/home/sunrise/ros2_ws_10_YOLO26_weed/install/yolov5_inference_node/share/yolov5_inference_node/package.bash'
[56.937s] INFO:colcon.colcon_core.shell:Creating package script '/home/sunrise/ros2_ws_10_YOLO26_weed/install/yolov5_inference_node/share/yolov5_inference_node/package.zsh'
[56.943s] Level 1:colcon.colcon_core.environment:create_file_with_runtime_dependencies(/home/sunrise/ros2_ws_10_YOLO26_weed/install/yolov5_inference_node/share/colcon-core/packages/yolov5_inference_node)
[56.947s] Level 1:colcon.colcon_core.environment:create_environment_scripts_only(yolov5_inference_node)
[56.949s] Level 1:colcon.colcon_core.environment:checking '/home/sunrise/ros2_ws_10_YOLO26_weed/install/yolov5_inference_node' for CMake module files
[56.952s] Level 1:colcon.colcon_core.environment:checking '/home/sunrise/ros2_ws_10_YOLO26_weed/install/yolov5_inference_node' for CMake config files
[56.954s] Level 1:colcon.colcon_core.shell:create_environment_hook('yolov5_inference_node', 'cmake_prefix_path')
[56.956s] INFO:colcon.colcon_core.shell:Creating environment hook '/home/sunrise/ros2_ws_10_YOLO26_weed/install/yolov5_inference_node/share/yolov5_inference_node/hook/cmake_prefix_path.ps1'
[56.959s] INFO:colcon.colcon_core.shell:Creating environment descriptor '/home/sunrise/ros2_ws_10_YOLO26_weed/install/yolov5_inference_node/share/yolov5_inference_node/hook/cmake_prefix_path.dsv'
[56.961s] INFO:colcon.colcon_core.shell:Creating environment hook '/home/sunrise/ros2_ws_10_YOLO26_weed/install/yolov5_inference_node/share/yolov5_inference_node/hook/cmake_prefix_path.sh'
[56.966s] Level 1:colcon.colcon_core.environment:checking '/home/sunrise/ros2_ws_10_YOLO26_weed/install/yolov5_inference_node/lib'
[56.966s] Level 1:colcon.colcon_core.environment:checking '/home/sunrise/ros2_ws_10_YOLO26_weed/install/yolov5_inference_node/bin'
[56.967s] Level 1:colcon.colcon_core.environment:checking '/home/sunrise/ros2_ws_10_YOLO26_weed/install/yolov5_inference_node/lib/pkgconfig/yolov5_inference_node.pc'
[56.968s] Level 1:colcon.colcon_core.environment:checking '/home/sunrise/ros2_ws_10_YOLO26_weed/install/yolov5_inference_node/lib/python3.10/site-packages'
[56.971s] Level 1:colcon.colcon_core.environment:checking '/home/sunrise/ros2_ws_10_YOLO26_weed/install/yolov5_inference_node/bin'
[56.973s] INFO:colcon.colcon_core.shell:Creating package script '/home/sunrise/ros2_ws_10_YOLO26_weed/install/yolov5_inference_node/share/yolov5_inference_node/package.ps1'
[56.977s] INFO:colcon.colcon_core.shell:Creating package descriptor '/home/sunrise/ros2_ws_10_YOLO26_weed/install/yolov5_inference_node/share/yolov5_inference_node/package.dsv'
[56.980s] INFO:colcon.colcon_core.shell:Creating package script '/home/sunrise/ros2_ws_10_YOLO26_weed/install/yolov5_inference_node/share/yolov5_inference_node/package.sh'
[56.984s] INFO:colcon.colcon_core.shell:Creating package script '/home/sunrise/ros2_ws_10_YOLO26_weed/install/yolov5_inference_node/share/yolov5_inference_node/package.bash'
[56.987s] INFO:colcon.colcon_core.shell:Creating package script '/home/sunrise/ros2_ws_10_YOLO26_weed/install/yolov5_inference_node/share/yolov5_inference_node/package.zsh'
[56.990s] Level 1:colcon.colcon_core.environment:create_file_with_runtime_dependencies(/home/sunrise/ros2_ws_10_YOLO26_weed/install/yolov5_inference_node/share/colcon-core/packages/yolov5_inference_node)
[56.993s] DEBUG:colcon.colcon_parallel_executor.executor.parallel:closing loop
[56.995s] DEBUG:colcon.colcon_parallel_executor.executor.parallel:loop closed
[56.996s] DEBUG:colcon.colcon_parallel_executor.executor.parallel:run_until_complete finished with '0'
[56.997s] DEBUG:colcon.colcon_core.event_reactor:joining thread
[57.121s] INFO:colcon.colcon_core.plugin_system:Skipping extension 'colcon_notification.desktop_notification.notify_send': Could not find 'notify-send'
[57.123s] INFO:colcon.colcon_core.plugin_system:Skipping extension 'colcon_notification.desktop_notification.terminal_notifier': Not used on non-Darwin systems
[57.123s] INFO:colcon.colcon_core.plugin_system:Skipping extension 'colcon_notification.desktop_notification.win32': Not used on non-Windows systems
[57.124s] INFO:colcon.colcon_notification.desktop_notification:Sending desktop notification using 'notify2'
[57.163s] DEBUG:colcon.colcon_core.event_reactor:joined thread
[57.165s] INFO:colcon.colcon_core.shell:Creating prefix script '/home/sunrise/ros2_ws_10_YOLO26_weed/install/local_setup.ps1'
[57.172s] INFO:colcon.colcon_core.shell:Creating prefix util module '/home/sunrise/ros2_ws_10_YOLO26_weed/install/_local_setup_util_ps1.py'
[57.184s] INFO:colcon.colcon_core.shell:Creating prefix chain script '/home/sunrise/ros2_ws_10_YOLO26_weed/install/setup.ps1'
[57.191s] INFO:colcon.colcon_core.shell:Creating prefix script '/home/sunrise/ros2_ws_10_YOLO26_weed/install/local_setup.sh'
[57.195s] INFO:colcon.colcon_core.shell:Creating prefix util module '/home/sunrise/ros2_ws_10_YOLO26_weed/install/_local_setup_util_sh.py'
[57.199s] INFO:colcon.colcon_core.shell:Creating prefix chain script '/home/sunrise/ros2_ws_10_YOLO26_weed/install/setup.sh'
[57.205s] INFO:colcon.colcon_core.shell:Creating prefix script '/home/sunrise/ros2_ws_10_YOLO26_weed/install/local_setup.bash'
[57.209s] INFO:colcon.colcon_core.shell:Creating prefix chain script '/home/sunrise/ros2_ws_10_YOLO26_weed/install/setup.bash'
[57.216s] INFO:colcon.colcon_core.shell:Creating prefix script '/home/sunrise/ros2_ws_10_YOLO26_weed/install/local_setup.zsh'
[57.220s] INFO:colcon.colcon_core.shell:Creating prefix chain script '/home/sunrise/ros2_ws_10_YOLO26_weed/install/setup.zsh'
