[35m[1mConsolidate compiler generated dependencies of target inference_node[0m
[100%] Built target inference_node
-- Install configuration: ""
-- Up-to-date: /home/sunrise/ros2_ws_10_YOLO26_weed/install/yolov5_inference_node/lib/yolov5_inference_node/inference_node
-- Up-to-date: /home/sunrise/ros2_ws_10_YOLO26_weed/install/yolov5_inference_node/share/yolov5_inference_node//launch
-- Up-to-date: /home/sunrise/ros2_ws_10_YOLO26_weed/install/yolov5_inference_node/share/yolov5_inference_node//launch/weed_detection.launch.py
-- Up-to-date: /home/sunrise/ros2_ws_10_YOLO26_weed/install/yolov5_inference_node/share/ament_index/resource_index/package_run_dependencies/yolov5_inference_node
-- Up-to-date: /home/sunrise/ros2_ws_10_YOLO26_weed/install/yolov5_inference_node/share/ament_index/resource_index/parent_prefix_path/yolov5_inference_node
-- Up-to-date: /home/sunrise/ros2_ws_10_YOLO26_weed/install/yolov5_inference_node/share/yolov5_inference_node/environment/ament_prefix_path.sh
-- Up-to-date: /home/sunrise/ros2_ws_10_YOLO26_weed/install/yolov5_inference_node/share/yolov5_inference_node/environment/ament_prefix_path.dsv
-- Up-to-date: /home/sunrise/ros2_ws_10_YOLO26_weed/install/yolov5_inference_node/share/yolov5_inference_node/environment/path.sh
-- Up-to-date: /home/sunrise/ros2_ws_10_YOLO26_weed/install/yolov5_inference_node/share/yolov5_inference_node/environment/path.dsv
-- Up-to-date: /home/sunrise/ros2_ws_10_YOLO26_weed/install/yolov5_inference_node/share/yolov5_inference_node/local_setup.bash
-- Up-to-date: /home/sunrise/ros2_ws_10_YOLO26_weed/install/yolov5_inference_node/share/yolov5_inference_node/local_setup.sh
-- Up-to-date: /home/sunrise/ros2_ws_10_YOLO26_weed/install/yolov5_inference_node/share/yolov5_inference_node/local_setup.zsh
-- Up-to-date: /home/sunrise/ros2_ws_10_YOLO26_weed/install/yolov5_inference_node/share/yolov5_inference_node/local_setup.dsv
-- Installing: /home/sunrise/ros2_ws_10_YOLO26_weed/install/yolov5_inference_node/share/yolov5_inference_node/package.dsv
-- Up-to-date: /home/sunrise/ros2_ws_10_YOLO26_weed/install/yolov5_inference_node/share/ament_index/resource_index/packages/yolov5_inference_node
-- Up-to-date: /home/sunrise/ros2_ws_10_YOLO26_weed/install/yolov5_inference_node/share/yolov5_inference_node/cmake/yolov5_inference_nodeConfig.cmake
-- Up-to-date: /home/sunrise/ros2_ws_10_YOLO26_weed/install/yolov5_inference_node/share/yolov5_inference_node/cmake/yolov5_inference_nodeConfig-version.cmake
-- Up-to-date: /home/sunrise/ros2_ws_10_YOLO26_weed/install/yolov5_inference_node/share/yolov5_inference_node/package.xml
