[0.053s] Invoking command in '/home/sunrise/ros2_ws_10_YOLO26_weed/build/yolov5_inference_node': CMAKE_PREFIX_PATH=/opt/ros/humble /usr/bin/cmake --build /home/sunrise/ros2_ws_10_YOLO26_weed/build/yolov5_inference_node -- -j8 -l8
[0.273s] [35m[1mConsolidate compiler generated dependencies of target inference_node[0m
[0.377s] [100%] Built target inference_node
[0.433s] Invoked command in '/home/sunrise/ros2_ws_10_YOLO26_weed/build/yolov5_inference_node' returned '0': CMAKE_PREFIX_PATH=/opt/ros/humble /usr/bin/cmake --build /home/sunrise/ros2_ws_10_YOLO26_weed/build/yolov5_inference_node -- -j8 -l8
[0.482s] Invoking command in '/home/sunrise/ros2_ws_10_YOLO26_weed/build/yolov5_inference_node': CMAKE_PREFIX_PATH=/opt/ros/humble /usr/bin/cmake --install /home/sunrise/ros2_ws_10_YOLO26_weed/build/yolov5_inference_node
[0.521s] -- Install configuration: ""
[0.522s] -- Up-to-date: /home/sunrise/ros2_ws_10_YOLO26_weed/install/yolov5_inference_node/lib/yolov5_inference_node/inference_node
[0.523s] -- Up-to-date: /home/sunrise/ros2_ws_10_YOLO26_weed/install/yolov5_inference_node/share/yolov5_inference_node//launch
[0.523s] -- Up-to-date: /home/sunrise/ros2_ws_10_YOLO26_weed/install/yolov5_inference_node/share/yolov5_inference_node//launch/weed_detection.launch.py
[0.524s] -- Up-to-date: /home/sunrise/ros2_ws_10_YOLO26_weed/install/yolov5_inference_node/share/ament_index/resource_index/package_run_dependencies/yolov5_inference_node
[0.525s] -- Up-to-date: /home/sunrise/ros2_ws_10_YOLO26_weed/install/yolov5_inference_node/share/ament_index/resource_index/parent_prefix_path/yolov5_inference_node
[0.526s] -- Up-to-date: /home/sunrise/ros2_ws_10_YOLO26_weed/install/yolov5_inference_node/share/yolov5_inference_node/environment/ament_prefix_path.sh
[0.526s] -- Up-to-date: /home/sunrise/ros2_ws_10_YOLO26_weed/install/yolov5_inference_node/share/yolov5_inference_node/environment/ament_prefix_path.dsv
[0.527s] -- Up-to-date: /home/sunrise/ros2_ws_10_YOLO26_weed/install/yolov5_inference_node/share/yolov5_inference_node/environment/path.sh
[0.528s] -- Up-to-date: /home/sunrise/ros2_ws_10_YOLO26_weed/install/yolov5_inference_node/share/yolov5_inference_node/environment/path.dsv
[0.528s] -- Up-to-date: /home/sunrise/ros2_ws_10_YOLO26_weed/install/yolov5_inference_node/share/yolov5_inference_node/local_setup.bash
[0.529s] -- Up-to-date: /home/sunrise/ros2_ws_10_YOLO26_weed/install/yolov5_inference_node/share/yolov5_inference_node/local_setup.sh
[0.530s] -- Up-to-date: /home/sunrise/ros2_ws_10_YOLO26_weed/install/yolov5_inference_node/share/yolov5_inference_node/local_setup.zsh
[0.530s] -- Up-to-date: /home/sunrise/ros2_ws_10_YOLO26_weed/install/yolov5_inference_node/share/yolov5_inference_node/local_setup.dsv
[0.531s] -- Installing: /home/sunrise/ros2_ws_10_YOLO26_weed/install/yolov5_inference_node/share/yolov5_inference_node/package.dsv
[0.532s] -- Up-to-date: /home/sunrise/ros2_ws_10_YOLO26_weed/install/yolov5_inference_node/share/ament_index/resource_index/packages/yolov5_inference_node
[0.532s] -- Up-to-date: /home/sunrise/ros2_ws_10_YOLO26_weed/install/yolov5_inference_node/share/yolov5_inference_node/cmake/yolov5_inference_nodeConfig.cmake
[0.534s] -- Up-to-date: /home/sunrise/ros2_ws_10_YOLO26_weed/install/yolov5_inference_node/share/yolov5_inference_node/cmake/yolov5_inference_nodeConfig-version.cmake
[0.536s] -- Up-to-date: /home/sunrise/ros2_ws_10_YOLO26_weed/install/yolov5_inference_node/share/yolov5_inference_node/package.xml
[0.541s] Invoked command in '/home/sunrise/ros2_ws_10_YOLO26_weed/build/yolov5_inference_node' returned '0': CMAKE_PREFIX_PATH=/opt/ros/humble /usr/bin/cmake --install /home/sunrise/ros2_ws_10_YOLO26_weed/build/yolov5_inference_node
